01-Jul-2020 18:16:50.038 INFO [main] org.apache.catalina.startup.VersionLoggerListener.log Server version name:   Apache Tomcat/9.0.33
01-Jul-2020 18:16:50.567 INFO [main] org.apache.catalina.startup.VersionLoggerListener.log Server built:          Mar 11 2020 09:31:38 UTC
01-Jul-2020 18:16:50.567 INFO [main] org.apache.catalina.startup.VersionLoggerListener.log Server version number: 9.0.33.0
01-Jul-2020 18:16:50.567 INFO [main] org.apache.catalina.startup.VersionLoggerListener.log OS Name:               Mac OS X
01-Jul-2020 18:16:50.568 INFO [main] org.apache.catalina.startup.VersionLoggerListener.log OS Version:            10.15.5
01-Jul-2020 18:16:50.568 INFO [main] org.apache.catalina.startup.VersionLoggerListener.log Architecture:          x86_64
01-Jul-2020 18:16:50.568 INFO [main] org.apache.catalina.startup.VersionLoggerListener.log Java Home:             /Library/Java/JavaVirtualMachines/jdk1.8.0_201.jdk/Contents/Home/jre
01-Jul-2020 18:16:50.568 INFO [main] org.apache.catalina.startup.VersionLoggerListener.log JVM Version:           1.8.0_201-b09
01-Jul-2020 18:16:50.568 INFO [main] org.apache.catalina.startup.VersionLoggerListener.log JVM Vendor:            Oracle Corporation
01-Jul-2020 18:16:50.568 INFO [main] org.apache.catalina.startup.VersionLoggerListener.log CATALINA_BASE:         /Users/tuankiet1708/Projects/leolovescoding/camunda-demo/camunda/camunda-bpm-tomcat-7.13.0/server/apache-tomcat-9.0.33
01-Jul-2020 18:16:50.568 INFO [main] org.apache.catalina.startup.VersionLoggerListener.log CATALINA_HOME:         /Users/tuankiet1708/Projects/leolovescoding/camunda-demo/camunda/camunda-bpm-tomcat-7.13.0/server/apache-tomcat-9.0.33
01-Jul-2020 18:16:50.753 INFO [main] org.apache.catalina.startup.VersionLoggerListener.log Command line argument: -Djava.util.logging.config.file=./server/apache-tomcat-9.0.33/conf/logging.properties
01-Jul-2020 18:16:50.753 INFO [main] org.apache.catalina.startup.VersionLoggerListener.log Command line argument: -Djava.util.logging.manager=org.apache.juli.ClassLoaderLogManager
01-Jul-2020 18:16:50.753 INFO [main] org.apache.catalina.startup.VersionLoggerListener.log Command line argument: -Djdk.tls.ephemeralDHKeySize=2048
01-Jul-2020 18:16:50.753 INFO [main] org.apache.catalina.startup.VersionLoggerListener.log Command line argument: -Djava.protocol.handler.pkgs=org.apache.catalina.webresources
01-Jul-2020 18:16:50.753 INFO [main] org.apache.catalina.startup.VersionLoggerListener.log Command line argument: -Dorg.apache.catalina.security.SecurityListener.UMASK=0027
01-Jul-2020 18:16:50.754 INFO [main] org.apache.catalina.startup.VersionLoggerListener.log Command line argument: -Xmx512m
01-Jul-2020 18:16:50.754 INFO [main] org.apache.catalina.startup.VersionLoggerListener.log Command line argument: -Dignore.endorsed.dirs=
01-Jul-2020 18:16:50.755 INFO [main] org.apache.catalina.startup.VersionLoggerListener.log Command line argument: -Dcatalina.base=./server/apache-tomcat-9.0.33
01-Jul-2020 18:16:50.755 INFO [main] org.apache.catalina.startup.VersionLoggerListener.log Command line argument: -Dcatalina.home=./server/apache-tomcat-9.0.33
01-Jul-2020 18:16:50.755 INFO [main] org.apache.catalina.startup.VersionLoggerListener.log Command line argument: -Djava.io.tmpdir=./server/apache-tomcat-9.0.33/temp
01-Jul-2020 18:16:50.755 INFO [main] org.apache.catalina.core.AprLifecycleListener.lifecycleEvent The APR based Apache Tomcat Native library which allows optimal performance in production environments was not found on the java.library.path: [/Users/tuankiet1708/Library/Java/Extensions:/Library/Java/Extensions:/Network/Library/Java/Extensions:/System/Library/Java/Extensions:/usr/lib/java:.]
01-Jul-2020 18:16:54.065 INFO [main] org.apache.coyote.AbstractProtocol.init Initializing ProtocolHandler ["http-nio-8080"]
01-Jul-2020 18:16:54.115 INFO [main] org.apache.catalina.startup.Catalina.load Server initialization in [5,518] milliseconds
01-Jul-2020 18:16:55.793 INFO [main] org.camunda.commons.logging.BaseLogger.logInfo ENGINE-08046 Found camunda bpm platform configuration in CATALINA_BASE/CATALINA_HOME conf directory [/Users/tuankiet1708/Projects/leolovescoding/camunda-demo/camunda/camunda-bpm-tomcat-7.13.0/server/apache-tomcat-9.0.33/conf/bpm-platform.xml] at 'file:/Users/tuankiet1708/Projects/leolovescoding/camunda-demo/camunda/camunda-bpm-tomcat-7.13.0/server/apache-tomcat-9.0.33/conf/bpm-platform.xml'
01-Jul-2020 18:16:56.578 INFO [main] org.camunda.commons.logging.BaseLogger.logInfo ENGINE-12003 Plugin 'ProcessApplicationEventListenerPlugin' activated on process engine 'default'
01-Jul-2020 18:16:56.715 INFO [main] org.camunda.commons.logging.BaseLogger.logInfo ENGINE-12003 Plugin 'SpinProcessEnginePlugin' activated on process engine 'default'
01-Jul-2020 18:16:56.721 INFO [main] org.camunda.commons.logging.BaseLogger.logInfo SPIN-01010 Discovered Spin data format provider: org.camunda.spin.impl.json.jackson.format.JacksonJsonDataFormatProvider[name = application/json]
01-Jul-2020 18:16:57.882 INFO [main] org.camunda.commons.logging.BaseLogger.logInfo SPIN-01010 Discovered Spin data format provider: org.camunda.spin.impl.xml.dom.format.DomXmlDataFormatProvider[name = application/xml]
01-Jul-2020 18:16:57.907 INFO [main] org.camunda.commons.logging.BaseLogger.logInfo SPIN-01009 Discovered Spin data format: org.camunda.spin.impl.xml.dom.format.DomXmlDataFormat[name = application/xml]
01-Jul-2020 18:16:57.908 INFO [main] org.camunda.commons.logging.BaseLogger.logInfo SPIN-01009 Discovered Spin data format: org.camunda.spin.impl.json.jackson.format.JacksonJsonDataFormat[name = application/json]
01-Jul-2020 18:16:57.908 INFO [main] org.camunda.commons.logging.BaseLogger.logInfo ENGINE-12003 Plugin 'ConnectProcessEnginePlugin' activated on process engine 'default'
01-Jul-2020 18:16:59.392 INFO [main] org.camunda.commons.logging.BaseLogger.logInfo CNCT-01004 Discovered provider for connector id 'http-connector' and class 'org.camunda.connect.httpclient.impl.HttpConnectorImpl': 'org.camunda.connect.httpclient.impl.HttpConnectorProviderImpl'
01-Jul-2020 18:16:59.396 INFO [main] org.camunda.commons.logging.BaseLogger.logInfo CNCT-01004 Discovered provider for connector id 'soap-http-connector' and class 'org.camunda.connect.httpclient.soap.impl.SoapHttpConnectorImpl': 'org.camunda.connect.httpclient.soap.impl.SoapHttpConnectorProviderImpl'
01-Jul-2020 18:17:00.012 INFO [main] org.camunda.commons.logging.BaseLogger.logInfo FEEL/SCALA-01001 Spin value mapper detected
01-Jul-2020 18:17:01.189 INFO [main] org.camunda.feel.FeelEngine.<init> Engine created. [value-mapper: CompositeValueMapper(List(org.camunda.feel.impl.JavaValueMapper@d8305c2, org.camunda.spin.plugin.impl.feel.integration.SpinValueMapper@56bca85b)), function-provider: org.camunda.bpm.dmn.feel.impl.scala.function.CustomFunctionTransformer@2b95e48b, configuration: Configuration(false)]
01-Jul-2020 18:17:23.166 INFO [main] org.camunda.commons.logging.BaseLogger.logInfo ENGINE-00001 Process Engine default created.
01-Jul-2020 18:17:23.168 INFO [main] org.camunda.commons.logging.BaseLogger.logInfo ENGINE-14014 Starting up the JobExecutor[org.camunda.bpm.engine.impl.jobexecutor.RuntimeContainerJobExecutor].
01-Jul-2020 18:17:23.170 INFO [Thread-5] org.camunda.commons.logging.BaseLogger.logInfo ENGINE-14018 JobExecutor[org.camunda.bpm.engine.impl.jobexecutor.RuntimeContainerJobExecutor] starting to acquire jobs
01-Jul-2020 18:17:23.171 INFO [main] org.camunda.commons.logging.BaseLogger.logInfo ENGINE-08048 Camunda BPM platform sucessfully started at 'Apache Tomcat/9.0.33'.
01-Jul-2020 18:17:23.282 INFO [main] org.apache.catalina.core.StandardService.startInternal Starting service [Catalina]
01-Jul-2020 18:17:23.283 INFO [main] org.apache.catalina.core.StandardEngine.startInternal Starting Servlet engine: [Apache Tomcat/9.0.33]
01-Jul-2020 18:17:23.296 INFO [main] org.apache.catalina.startup.HostConfig.deployDirectory Deploying web application directory [/Users/tuankiet1708/Projects/leolovescoding/camunda-demo/camunda/camunda-bpm-tomcat-7.13.0/server/apache-tomcat-9.0.33/webapps/camunda-welcome]
01-Jul-2020 18:17:35.548 INFO [main] org.apache.jasper.servlet.TldScanner.scanJars At least one JAR was scanned for TLDs yet contained no TLDs. Enable debug logging for this logger for a complete list of JARs that were scanned but no TLDs were found in them. Skipping unneeded JARs during scanning can improve startup time and JSP compilation time.
01-Jul-2020 18:17:35.577 INFO [main] org.apache.catalina.startup.HostConfig.deployDirectory Deployment of web application directory [/Users/tuankiet1708/Projects/leolovescoding/camunda-demo/camunda/camunda-bpm-tomcat-7.13.0/server/apache-tomcat-9.0.33/webapps/camunda-welcome] has finished in [12,281] ms
01-Jul-2020 18:17:35.579 INFO [main] org.apache.catalina.startup.HostConfig.deployDirectory Deploying web application directory [/Users/tuankiet1708/Projects/leolovescoding/camunda-demo/camunda/camunda-bpm-tomcat-7.13.0/server/apache-tomcat-9.0.33/webapps/engine-rest]
01-Jul-2020 18:17:47.925 INFO [main] org.apache.jasper.servlet.TldScanner.scanJars At least one JAR was scanned for TLDs yet contained no TLDs. Enable debug logging for this logger for a complete list of JARs that were scanned but no TLDs were found in them. Skipping unneeded JARs during scanning can improve startup time and JSP compilation time.
01-Jul-2020 18:17:49.011 INFO [main] org.apache.catalina.startup.HostConfig.deployDirectory Deployment of web application directory [/Users/tuankiet1708/Projects/leolovescoding/camunda-demo/camunda/camunda-bpm-tomcat-7.13.0/server/apache-tomcat-9.0.33/webapps/engine-rest] has finished in [13,433] ms
01-Jul-2020 18:17:49.038 INFO [main] org.apache.catalina.startup.HostConfig.deployDirectory Deploying web application directory [/Users/tuankiet1708/Projects/leolovescoding/camunda-demo/camunda/camunda-bpm-tomcat-7.13.0/server/apache-tomcat-9.0.33/webapps/h2]
01-Jul-2020 18:18:00.504 INFO [main] org.apache.jasper.servlet.TldScanner.scanJars At least one JAR was scanned for TLDs yet contained no TLDs. Enable debug logging for this logger for a complete list of JARs that were scanned but no TLDs were found in them. Skipping unneeded JARs during scanning can improve startup time and JSP compilation time.
01-Jul-2020 18:18:00.517 INFO [main] org.apache.catalina.startup.HostConfig.deployDirectory Deployment of web application directory [/Users/tuankiet1708/Projects/leolovescoding/camunda-demo/camunda/camunda-bpm-tomcat-7.13.0/server/apache-tomcat-9.0.33/webapps/h2] has finished in [11,479] ms
01-Jul-2020 18:18:00.517 INFO [main] org.apache.catalina.startup.HostConfig.deployDirectory Deploying web application directory [/Users/tuankiet1708/Projects/leolovescoding/camunda-demo/camunda/camunda-bpm-tomcat-7.13.0/server/apache-tomcat-9.0.33/webapps/camunda]
01-Jul-2020 18:18:18.335 INFO [main] org.apache.jasper.servlet.TldScanner.scanJars At least one JAR was scanned for TLDs yet contained no TLDs. Enable debug logging for this logger for a complete list of JARs that were scanned but no TLDs were found in them. Skipping unneeded JARs during scanning can improve startup time and JSP compilation time.
01-Jul-2020 18:18:22.388 INFO [main] org.apache.catalina.startup.HostConfig.deployDirectory Deployment of web application directory [/Users/tuankiet1708/Projects/leolovescoding/camunda-demo/camunda/camunda-bpm-tomcat-7.13.0/server/apache-tomcat-9.0.33/webapps/camunda] has finished in [21,871] ms
01-Jul-2020 18:18:22.389 INFO [main] org.apache.catalina.startup.HostConfig.deployDirectory Deploying web application directory [/Users/tuankiet1708/Projects/leolovescoding/camunda-demo/camunda/camunda-bpm-tomcat-7.13.0/server/apache-tomcat-9.0.33/webapps/docs]
01-Jul-2020 18:18:36.717 INFO [main] org.apache.jasper.servlet.TldScanner.scanJars At least one JAR was scanned for TLDs yet contained no TLDs. Enable debug logging for this logger for a complete list of JARs that were scanned but no TLDs were found in them. Skipping unneeded JARs during scanning can improve startup time and JSP compilation time.
01-Jul-2020 18:18:36.720 INFO [main] org.apache.catalina.startup.HostConfig.deployDirectory Deployment of web application directory [/Users/tuankiet1708/Projects/leolovescoding/camunda-demo/camunda/camunda-bpm-tomcat-7.13.0/server/apache-tomcat-9.0.33/webapps/docs] has finished in [14,331] ms
01-Jul-2020 18:18:36.721 INFO [main] org.apache.catalina.startup.HostConfig.deployDirectory Deploying web application directory [/Users/tuankiet1708/Projects/leolovescoding/camunda-demo/camunda/camunda-bpm-tomcat-7.13.0/server/apache-tomcat-9.0.33/webapps/manager]
